0 info it worked if it ends with ok
1 verbose cli [ 'D:\\Programs\\nodejs\\node.exe',
1 verbose cli   'D:\\Programs\\nodejs\\node_modules\\npm\\bin\\npm-cli.js',
1 verbose cli   'start' ]
2 info using npm@3.10.8
3 info using node@v6.9.1
4 verbose run-script [ 'prestart', 'start', 'poststart' ]
5 info lifecycle my-composer@0.0.0~prestart: my-composer@0.0.0
6 silly lifecycle my-composer@0.0.0~prestart: no script for prestart, continuing
7 info lifecycle my-composer@0.0.0~start: my-composer@0.0.0
8 verbose lifecycle my-composer@0.0.0~start: unsafe-perm in lifecycle true
9 verbose lifecycle my-composer@0.0.0~start: PATH: D:\Programs\nvm\v6.9.1\node_modules\npm\bin\node-gyp-bin;D:\Repos\university\my-composer\node_modules\.bin;C:\ProgramData\Oracle\Java\javapath;D:\Programs\Python27\;D:\Programs\Python27\Scripts;C:\Program Files\Broadcom\Broadcom 802.11;C:\Program Files (x86)\Intel\iCLS Client\;C:\Program Files\Intel\iCLS Client\;C:\Windows\system32;C:\Windows;C:\Windows\System32\Wbem;C:\Windows\System32\WindowsPowerShell\v1.0\;C:\Program Files\Hewlett-Packard\SimplePass\;C:\Program Files (x86)\NVIDIA Corporation\PhysX\Common;C:\WINDOWS\system32;C:\WINDOWS;C:\WINDOWS\System32\Wbem;C:\WINDOWS\System32\WindowsPowerShell\v1.0\;C:\Program Files\Git\cmd;D:\Portable\cmder;D:\Portable\putty;D:\Programs\nvm;D:\Programs\nodejs;C:\Program Files (x86)\Intel\Intel(R) Management Engine Components\DAL;C:\Program Files\Intel\Intel(R) Management Engine Components\DAL;C:\Program Files (x86)\Intel\Intel(R) Management Engine Components\IPT;C:\Program Files\Intel\Intel(R) Management Engine Components\IPT;C:\Program Files\Sublime Text 3;D:\Portable\curl;C:\Program Files (x86)\Skype\Phone\;D:\Program Files\Java\jdk1.8.0_92\bin;D:\Program Files\MongoDB\Server\3.2\bin;D:\Program Files (x86)\Elm Platform\0.17\bin;C:\Program Files\Broadcom\Broadcom 802.11;C:\Program Files (x86)\Intel\iCLS Client\;C:\Program Files\Intel\iCLS Client\;C:\Windows\system32;C:\Windows;C:\Windows\System32\Wbem;C:\Windows\System32\WindowsPowerShell\v1.0\;C:\Program Files\Hewlett-Packard\SimplePass\;C:\Program Files\Intel\Intel(R) Management Engine Components\DAL;C:\Program Files\Intel\Intel(R) Management Engine Components\IPT;C:\Program Files (x86)\Intel\Intel(R) Management Engine Components\DAL;C:\Program Files (x86)\Intel\Intel(R) Management Engine Components\IPT;C:\Program Files (x86)\Skype\Phone\;C:\Program Files (x86)\NVIDIA Corporation\PhysX\Common;C:\WINDOWS\system32;C:\WINDOWS;C:\WINDOWS\System32\Wbem;C:\WINDOWS\System32\WindowsPowerShell\v1.0\;C:\Program Files\Git\cmd;D:\Programs\nvm;D:\Programs\nodejs;C:\Users\Сева\AppData\Local\atom\bin;C:\Portable\putty;C:\Program Files\Git\mingw64\bin;C:\Program Files\Git\usr\bin;C:\Users\Сева\AppData\Local\Microsoft\WindowsApps;D:\Program Files (x86)\Microsoft VS Code\bin;d:\Program Files\Apache\maven\bin
10 verbose lifecycle my-composer@0.0.0~start: CWD: D:\Repos\university\my-composer
11 silly lifecycle my-composer@0.0.0~start: Args: [ '/d /s /c', 'webpack-dev-server  --watch-poll --inline' ]
12 verbose stack Error: kill ENOSYS
12 verbose stack     at exports._errnoException (util.js:1026:11)
12 verbose stack     at process.kill (internal/process.js:172:13)
12 verbose stack     at process.listener (D:\Programs\nvm\v6.9.1\node_modules\npm\node_modules\npmlog\node_modules\gauge\node_modules\signal-exit\index.js:86:15)
12 verbose stack     at emitNone (events.js:91:20)
12 verbose stack     at process.emit (events.js:185:7)
12 verbose stack     at processEmit (D:\Programs\nvm\v6.9.1\node_modules\npm\node_modules\npmlog\node_modules\gauge\node_modules\signal-exit\index.js:146:32)
12 verbose stack     at processEmit (D:\Programs\nvm\v6.9.1\node_modules\npm\node_modules\npm-registry-client\node_modules\npmlog\node_modules\gauge\node_modules\signal-exit\index.js:146:32)
12 verbose stack     at Signal.wrap.onsignal (internal/process.js:199:44)
13 verbose cwd D:\Repos\university\my-composer
14 error Windows_NT 10.0.14393
15 error argv "D:\\Programs\\nodejs\\node.exe" "D:\\Programs\\nodejs\\node_modules\\npm\\bin\\npm-cli.js" "start"
16 error node v6.9.1
17 error npm  v3.10.8
18 error code ENOSYS
19 error errno ENOSYS
20 error syscall kill
21 error kill ENOSYS
22 error If you need help, you may report this error at:
22 error     <https://github.com/npm/npm/issues>
23 verbose exit [ 1, true ]
